2024-11-27 00:10:47 INFO  Utils:112 - [TestNG] Running:
  E:\PracticeFramework\OpenCartEcommerceProject\testng.xml

2024-11-27 00:11:05 INFO  TC001_AccountRegistration:15 - ****Starting_Registration****
2024-11-27 00:11:05 INFO  TC001_AccountRegistration:21 - ****clicked on MyAccount link****
2024-11-27 00:11:06 INFO  TC001_AccountRegistration:24 - ****clicked on Register link****
2024-11-27 00:11:06 INFO  TC001_AccountRegistration:28 - ****Entering_User_info****
2024-11-27 00:11:06 INFO  TC001_AccountRegistration:39 - ****click on policy****
2024-11-27 00:11:06 INFO  TC001_AccountRegistration:42 - ****click on Continue****
2024-11-27 00:11:06 INFO  TC001_AccountRegistration:44 - Validating expected message..
2024-11-27 00:11:16 INFO  TC001_AccountRegistration:59 - ***** Finished TC001_AccountRegistrationTest *****
2024-11-27 00:13:12 INFO  Utils:112 - [TestNG] Running:
  E:\PracticeFramework\OpenCartEcommerceProject\testng.xml

2024-11-27 00:15:28 INFO  Utils:112 - [TestNG] Running:
  E:\PracticeFramework\OpenCartEcommerceProject\testng.xml

2024-11-27 00:15:32 INFO  TC001_AccountRegistration:15 - ****Starting_Registration****
2024-11-27 00:15:32 INFO  TC001_AccountRegistration:21 - ****clicked on MyAccount link****
2024-11-27 00:15:33 INFO  TC001_AccountRegistration:24 - ****clicked on Register link****
2024-11-27 00:15:33 INFO  TC001_AccountRegistration:28 - ****Entering_User_info****
2024-11-27 00:15:33 INFO  TC001_AccountRegistration:39 - ****click on policy****
2024-11-27 00:15:33 INFO  TC001_AccountRegistration:42 - ****click on Continue****
2024-11-27 00:15:33 INFO  TC001_AccountRegistration:44 - Validating expected message..
2024-11-27 00:15:37 INFO  TC001_AccountRegistration:59 - ***** Finished TC001_AccountRegistrationTest *****
2024-11-27 00:17:12 INFO  Utils:112 - [TestNG] Running:
  E:\PracticeFramework\OpenCartEcommerceProject\testng.xml

2024-11-27 00:17:16 INFO  TC001_AccountRegistration:15 - ****Starting_Registration****
2024-11-27 00:17:16 INFO  TC001_AccountRegistration:21 - ****clicked on MyAccount link****
2024-11-27 00:17:17 INFO  TC001_AccountRegistration:24 - ****clicked on Register link****
2024-11-27 00:17:17 INFO  TC001_AccountRegistration:28 - ****Entering_User_info****
2024-11-27 00:17:17 INFO  TC001_AccountRegistration:39 - ****click on policy****
2024-11-27 00:17:19 INFO  TC001_AccountRegistration:42 - ****click on Continue****
2024-11-27 00:17:19 INFO  TC001_AccountRegistration:44 - Validating expected message..
2024-11-27 00:17:19 INFO  TC001_AccountRegistration:48 - Test passed
2024-11-27 00:17:19 INFO  TC001_AccountRegistration:59 - ***** Finished TC001_AccountRegistrationTest *****
2024-11-27 00:17:55 INFO  Utils:112 - [TestNG] Running:
  E:\PracticeFramework\OpenCartEcommerceProject\Grouping.xml

2024-11-27 00:18:00 INFO  TC001_AccountRegistration:15 - ****Starting_Registration****
2024-11-27 00:18:00 INFO  TC001_AccountRegistration:21 - ****clicked on MyAccount link****
2024-11-27 00:18:01 INFO  TC001_AccountRegistration:24 - ****clicked on Register link****
2024-11-27 00:18:01 INFO  TC001_AccountRegistration:28 - ****Entering_User_info****
2024-11-27 00:18:02 INFO  TC001_AccountRegistration:39 - ****click on policy****
2024-11-27 00:18:02 INFO  TC001_AccountRegistration:42 - ****click on Continue****
2024-11-27 00:18:02 INFO  TC001_AccountRegistration:44 - Validating expected message..
2024-11-27 00:18:02 INFO  TC001_AccountRegistration:48 - Test passed
2024-11-27 00:18:02 INFO  TC001_AccountRegistration:59 - ***** Finished TC001_AccountRegistrationTest *****
2024-11-27 00:28:28 INFO  Utils:112 - [TestNG] Running:
  E:\PracticeFramework\OpenCartEcommerceProject\CrossBrowsing.xml

2024-11-27 00:28:32 INFO  TC001_AccountRegistration:15 - ****Starting_Registration****
2024-11-27 00:28:32 INFO  TC001_AccountRegistration:21 - ****clicked on MyAccount link****
2024-11-27 00:28:32 INFO  TC001_AccountRegistration:15 - ****Starting_Registration****
2024-11-27 00:28:33 INFO  TC001_AccountRegistration:24 - ****clicked on Register link****
2024-11-27 00:28:33 INFO  TC001_AccountRegistration:28 - ****Entering_User_info****
2024-11-27 00:28:33 INFO  TC001_AccountRegistration:21 - ****clicked on MyAccount link****
2024-11-27 00:28:34 INFO  TC001_AccountRegistration:24 - ****clicked on Register link****
2024-11-27 00:28:34 INFO  TC001_AccountRegistration:28 - ****Entering_User_info****
2024-11-27 00:28:34 ERROR TC001_AccountRegistration:53 - Test failed: stale element reference: stale element not found
  (Session info: chrome=131.0.6778.86)
For documentation on this error, please visit: https://www.selenium.dev/documentation/webdriver/troubleshooting/errors#stale-element-reference-exception
Build info: version: '4.20.0', revision: '866c76ca80'
System info: os.name: 'Windows 10', os.arch: 'amd64', os.version: '10.0', java.version: '22.0.2'
Driver info: org.openqa.selenium.chrome.ChromeDriver
Command: [1133d1306c21bdb0fe3371c0e224d2a8, sendKeysToElement {value=[Ljava.lang.CharSequence;@48848345, id=f.A001C1E1FECA72E042BF27FA63D426F4.d.DE6C19F127AF112F1C8852B944396F8D.e.87}]
Capabilities {acceptInsecureCerts: false, browserName: chrome, browserVersion: 131.0.6778.86, chrome: {chromedriverVersion: 131.0.6778.85 (3d81e41b6f3a..., userDataDir: C:\Users\asus\AppData\Local...}, fedcm:accounts: true, goog:chromeOptions: {debuggerAddress: localhost:59853}, networkConnectionEnabled: false, pageLoadStrategy: normal, platformName: windows, proxy: Proxy(), se:cdp: ws://localhost:59853/devtoo..., se:cdpVersion: 131.0.6778.86, setWindowRect: true, strictFileInteractability: false, timeouts: {implicit: 0, pageLoad: 300000, script: 30000}, unhandledPromptBehavior: dismiss and notify, webauthn:extension:credBlob: true, webauthn:extension:largeBlob: true, webauthn:extension:minPinLength: true, webauthn:extension:prf: true, webauthn:virtualAuthenticators: true}
Element: [[ChromeDriver: chrome on windows (1133d1306c21bdb0fe3371c0e224d2a8)] -> xpath: //input[@id='input-lastname']]
Session ID: 1133d1306c21bdb0fe3371c0e224d2a8
2024-11-27 00:28:34 INFO  TC001_AccountRegistration:59 - ***** Finished TC001_AccountRegistrationTest *****
2024-11-27 00:28:34 ERROR TC001_AccountRegistration:53 - Test failed: Error communicating with the remote browser. It may have died.
Build info: version: '4.20.0', revision: '866c76ca80'
System info: os.name: 'Windows 10', os.arch: 'amd64', os.version: '10.0', java.version: '22.0.2'
Driver info: org.openqa.selenium.chrome.ChromeDriver
Command: [1133d1306c21bdb0fe3371c0e224d2a8, findElement [value, using]]
Capabilities {acceptInsecureCerts: false, browserName: chrome, browserVersion: 131.0.6778.86, chrome: {chromedriverVersion: 131.0.6778.85 (3d81e41b6f3a..., userDataDir: C:\Users\asus\AppData\Local...}, fedcm:accounts: true, goog:chromeOptions: {debuggerAddress: localhost:59853}, networkConnectionEnabled: false, pageLoadStrategy: normal, platformName: windows, proxy: Proxy(), se:cdp: ws://localhost:59853/devtoo..., se:cdpVersion: 131.0.6778.86, setWindowRect: true, strictFileInteractability: false, timeouts: {implicit: 0, pageLoad: 300000, script: 30000}, unhandledPromptBehavior: dismiss and notify, webauthn:extension:credBlob: true, webauthn:extension:largeBlob: true, webauthn:extension:minPinLength: true, webauthn:extension:prf: true, webauthn:virtualAuthenticators: true}
Session ID: 1133d1306c21bdb0fe3371c0e224d2a8
2024-11-27 00:28:34 INFO  TC001_AccountRegistration:59 - ***** Finished TC001_AccountRegistrationTest *****
2024-11-27 00:28:51 INFO  Utils:112 - [TestNG] Running:
  E:\PracticeFramework\OpenCartEcommerceProject\CrossBrowsing.xml

2024-11-27 00:28:51 INFO  TC001_AccountRegistration:15 - ****Starting_Registration****
2024-11-27 00:28:51 ERROR TC001_AccountRegistration:53 - Test failed: Cannot invoke "org.openqa.selenium.SearchContext.findElement(org.openqa.selenium.By)" because "this.searchContext" is null
2024-11-27 00:28:51 INFO  TC001_AccountRegistration:59 - ***** Finished TC001_AccountRegistrationTest *****
2024-11-27 00:28:54 INFO  TC001_AccountRegistration:15 - ****Starting_Registration****
2024-11-27 00:28:54 INFO  TC001_AccountRegistration:21 - ****clicked on MyAccount link****
2024-11-27 00:28:55 INFO  TC001_AccountRegistration:24 - ****clicked on Register link****
2024-11-27 00:28:55 INFO  TC001_AccountRegistration:28 - ****Entering_User_info****
2024-11-27 00:28:56 INFO  TC001_AccountRegistration:39 - ****click on policy****
2024-11-27 00:28:57 INFO  TC001_AccountRegistration:42 - ****click on Continue****
2024-11-27 00:28:57 INFO  TC001_AccountRegistration:44 - Validating expected message..
2024-11-27 00:28:57 INFO  TC001_AccountRegistration:48 - Test passed
2024-11-27 00:28:57 INFO  TC001_AccountRegistration:59 - ***** Finished TC001_AccountRegistrationTest *****
2024-11-27 00:29:53 INFO  Utils:112 - [TestNG] Running:
  E:\PracticeFramework\OpenCartEcommerceProject\CrossBrowsing.xml

2024-11-27 00:29:53 INFO  TC001_AccountRegistration:15 - ****Starting_Registration****
2024-11-27 00:29:53 ERROR TC001_AccountRegistration:53 - Test failed: Cannot invoke "org.openqa.selenium.SearchContext.findElement(org.openqa.selenium.By)" because "this.searchContext" is null
2024-11-27 00:29:53 INFO  TC001_AccountRegistration:59 - ***** Finished TC001_AccountRegistrationTest *****
2024-11-27 00:29:57 INFO  TC001_AccountRegistration:15 - ****Starting_Registration****
2024-11-27 00:29:57 INFO  TC001_AccountRegistration:21 - ****clicked on MyAccount link****
2024-11-27 00:29:58 INFO  TC001_AccountRegistration:24 - ****clicked on Register link****
2024-11-27 00:29:58 INFO  TC001_AccountRegistration:28 - ****Entering_User_info****
2024-11-27 00:29:58 INFO  TC001_AccountRegistration:39 - ****click on policy****
2024-11-27 00:29:59 INFO  TC001_AccountRegistration:42 - ****click on Continue****
2024-11-27 00:29:59 INFO  TC001_AccountRegistration:44 - Validating expected message..
2024-11-27 00:30:00 INFO  TC001_AccountRegistration:48 - Test passed
2024-11-27 00:30:00 INFO  TC001_AccountRegistration:59 - ***** Finished TC001_AccountRegistrationTest *****
2024-11-27 00:33:30 INFO  Utils:112 - [TestNG] Running:
  E:\PracticeFramework\OpenCartEcommerceProject\CrossBrowsing.xml

2024-11-27 00:33:31 INFO  TC001_AccountRegistration:15 - ****Starting_Registration****
2024-11-27 00:33:31 ERROR TC001_AccountRegistration:53 - Test failed: Cannot invoke "org.openqa.selenium.SearchContext.findElement(org.openqa.selenium.By)" because "this.searchContext" is null
2024-11-27 00:33:31 INFO  TC001_AccountRegistration:59 - ***** Finished TC001_AccountRegistrationTest *****
2024-11-27 00:33:34 INFO  TC001_AccountRegistration:15 - ****Starting_Registration****
2024-11-27 00:33:35 INFO  TC001_AccountRegistration:21 - ****clicked on MyAccount link****
2024-11-27 00:33:35 INFO  TC001_AccountRegistration:24 - ****clicked on Register link****
2024-11-27 00:33:35 INFO  TC001_AccountRegistration:28 - ****Entering_User_info****
2024-11-27 00:33:36 INFO  TC001_AccountRegistration:39 - ****click on policy****
2024-11-27 00:33:36 INFO  TC001_AccountRegistration:42 - ****click on Continue****
2024-11-27 00:33:36 INFO  TC001_AccountRegistration:44 - Validating expected message..
2024-11-27 00:33:36 INFO  TC001_AccountRegistration:48 - Test passed
2024-11-27 00:33:36 INFO  TC001_AccountRegistration:59 - ***** Finished TC001_AccountRegistrationTest *****
2024-11-27 00:33:57 INFO  Utils:112 - [TestNG] Running:
  E:\PracticeFramework\OpenCartEcommerceProject\CrossBrowsing.xml

2024-11-27 00:33:58 INFO  TC001_AccountRegistration:15 - ****Starting_Registration****
2024-11-27 00:33:58 ERROR TC001_AccountRegistration:53 - Test failed: Cannot invoke "org.openqa.selenium.SearchContext.findElement(org.openqa.selenium.By)" because "this.searchContext" is null
2024-11-27 00:33:58 INFO  TC001_AccountRegistration:59 - ***** Finished TC001_AccountRegistrationTest *****
2024-11-27 00:34:03 INFO  TC001_AccountRegistration:15 - ****Starting_Registration****
2024-11-27 00:34:03 INFO  TC001_AccountRegistration:21 - ****clicked on MyAccount link****
2024-11-27 00:34:03 INFO  TC001_AccountRegistration:24 - ****clicked on Register link****
2024-11-27 00:34:03 INFO  TC001_AccountRegistration:28 - ****Entering_User_info****
2024-11-27 00:34:04 INFO  TC001_AccountRegistration:39 - ****click on policy****
2024-11-27 00:34:05 INFO  TC001_AccountRegistration:42 - ****click on Continue****
2024-11-27 00:34:05 INFO  TC001_AccountRegistration:44 - Validating expected message..
2024-11-27 00:34:05 INFO  TC001_AccountRegistration:48 - Test passed
2024-11-27 00:34:05 INFO  TC001_AccountRegistration:59 - ***** Finished TC001_AccountRegistrationTest *****
2024-11-27 00:34:55 INFO  Utils:112 - [TestNG] Running:
  E:\PracticeFramework\OpenCartEcommerceProject\CrossBrowsing.xml

2024-11-27 00:34:55 INFO  TC001_AccountRegistration:15 - ****Starting_Registration****
2024-11-27 00:34:55 ERROR TC001_AccountRegistration:53 - Test failed: Cannot invoke "org.openqa.selenium.SearchContext.findElement(org.openqa.selenium.By)" because "this.searchContext" is null
2024-11-27 00:34:55 INFO  TC001_AccountRegistration:59 - ***** Finished TC001_AccountRegistrationTest *****
2024-11-27 00:34:59 INFO  TC001_AccountRegistration:15 - ****Starting_Registration****
2024-11-27 00:34:59 INFO  TC001_AccountRegistration:21 - ****clicked on MyAccount link****
2024-11-27 00:34:59 INFO  TC001_AccountRegistration:24 - ****clicked on Register link****
2024-11-27 00:34:59 INFO  TC001_AccountRegistration:28 - ****Entering_User_info****
2024-11-27 00:35:00 INFO  TC001_AccountRegistration:39 - ****click on policy****
2024-11-27 00:35:04 INFO  TC001_AccountRegistration:42 - ****click on Continue****
2024-11-27 00:35:04 INFO  TC001_AccountRegistration:44 - Validating expected message..
2024-11-27 00:35:04 INFO  TC001_AccountRegistration:48 - Test passed
2024-11-27 00:35:04 INFO  TC001_AccountRegistration:59 - ***** Finished TC001_AccountRegistrationTest *****
2024-11-27 00:36:20 INFO  Utils:112 - [TestNG] Running:
  E:\PracticeFramework\OpenCartEcommerceProject\CrossBrowsing.xml

2024-11-27 00:36:20 INFO  TC001_AccountRegistration:15 - ****Starting_Registration****
2024-11-27 00:36:20 ERROR TC001_AccountRegistration:53 - Test failed: Cannot invoke "org.openqa.selenium.SearchContext.findElement(org.openqa.selenium.By)" because "this.searchContext" is null
2024-11-27 00:36:20 INFO  TC001_AccountRegistration:59 - ***** Finished TC001_AccountRegistrationTest *****
2024-11-27 00:36:55 INFO  Utils:112 - [TestNG] Running:
  E:\PracticeFramework\OpenCartEcommerceProject\Grouping.xml

2024-11-27 00:37:01 INFO  TC001_AccountRegistration:15 - ****Starting_Registration****
2024-11-27 00:37:02 INFO  TC001_AccountRegistration:21 - ****clicked on MyAccount link****
2024-11-27 00:37:02 INFO  TC001_AccountRegistration:24 - ****clicked on Register link****
2024-11-27 00:37:02 INFO  TC001_AccountRegistration:28 - ****Entering_User_info****
2024-11-27 00:37:03 INFO  TC001_AccountRegistration:39 - ****click on policy****
2024-11-27 00:37:04 INFO  TC001_AccountRegistration:42 - ****click on Continue****
2024-11-27 00:37:04 INFO  TC001_AccountRegistration:44 - Validating expected message..
2024-11-27 00:37:04 INFO  TC001_AccountRegistration:48 - Test passed
2024-11-27 00:37:04 INFO  TC001_AccountRegistration:59 - ***** Finished TC001_AccountRegistrationTest *****
2024-11-27 00:37:19 INFO  Utils:112 - [TestNG] Running:
  E:\PracticeFramework\OpenCartEcommerceProject\testng.xml

2024-11-27 00:37:22 INFO  TC001_AccountRegistration:15 - ****Starting_Registration****
2024-11-27 00:37:22 INFO  TC001_AccountRegistration:21 - ****clicked on MyAccount link****
2024-11-27 00:37:23 INFO  TC001_AccountRegistration:24 - ****clicked on Register link****
2024-11-27 00:37:23 INFO  TC001_AccountRegistration:28 - ****Entering_User_info****
2024-11-27 00:37:24 INFO  TC001_AccountRegistration:39 - ****click on policy****
2024-11-27 00:37:25 INFO  TC001_AccountRegistration:42 - ****click on Continue****
2024-11-27 00:37:25 INFO  TC001_AccountRegistration:44 - Validating expected message..
2024-11-27 00:37:25 INFO  TC001_AccountRegistration:48 - Test passed
2024-11-27 00:37:25 INFO  TC001_AccountRegistration:59 - ***** Finished TC001_AccountRegistrationTest *****
2024-11-27 00:38:44 INFO  Utils:112 - [TestNG] Running:
  E:\PracticeFramework\OpenCartEcommerceProject\testng.xml

2024-11-27 00:38:48 INFO  TC001_AccountRegistration:15 - ****Starting_Registration****
2024-11-27 00:38:48 INFO  TC001_AccountRegistration:21 - ****clicked on MyAccount link****
2024-11-27 00:38:48 INFO  TC001_AccountRegistration:24 - ****clicked on Register link****
2024-11-27 00:38:48 INFO  TC001_AccountRegistration:28 - ****Entering_User_info****
2024-11-27 00:38:49 INFO  TC001_AccountRegistration:39 - ****click on policy****
2024-11-27 00:38:50 INFO  TC001_AccountRegistration:42 - ****click on Continue****
2024-11-27 00:38:50 INFO  TC001_AccountRegistration:44 - Validating expected message..
2024-11-27 00:38:50 INFO  TC001_AccountRegistration:59 - ***** Finished TC001_AccountRegistrationTest *****
2024-11-27 00:41:22 INFO  Utils:112 - [TestNG] Running:
  E:\PracticeFramework\OpenCartEcommerceProject\testng.xml

2024-11-27 00:41:26 INFO  TC001_AccountRegistration:15 - ****Starting_Registration****
2024-11-27 00:41:26 INFO  TC001_AccountRegistration:21 - ****clicked on MyAccount link****
2024-11-27 00:41:27 INFO  TC001_AccountRegistration:24 - ****clicked on Register link****
2024-11-27 00:41:27 INFO  TC001_AccountRegistration:28 - ****Entering_User_info****
2024-11-27 00:41:27 INFO  TC001_AccountRegistration:39 - ****click on policy****
2024-11-27 00:41:28 INFO  TC001_AccountRegistration:42 - ****click on Continue****
2024-11-27 00:41:28 INFO  TC001_AccountRegistration:44 - Validating expected message..
2024-11-27 00:41:28 INFO  TC001_AccountRegistration:59 - ***** Finished TC001_AccountRegistrationTest *****
2024-11-27 00:44:15 INFO  Utils:112 - [TestNG] Running:
  E:\PracticeFramework\OpenCartEcommerceProject\testng.xml

2024-11-27 00:44:18 INFO  TC001_AccountRegistration:15 - ****Starting_Registration****
2024-11-27 00:44:18 INFO  TC001_AccountRegistration:21 - ****clicked on MyAccount link****
2024-11-27 00:44:19 INFO  TC001_AccountRegistration:24 - ****clicked on Register link****
2024-11-27 00:44:19 INFO  TC001_AccountRegistration:28 - ****Entering_User_info****
2024-11-27 00:44:20 INFO  TC001_AccountRegistration:39 - ****click on policy****
2024-11-27 00:44:20 INFO  TC001_AccountRegistration:42 - ****click on Continue****
2024-11-27 00:44:20 INFO  TC001_AccountRegistration:44 - Validating expected message..
2024-11-27 00:44:20 INFO  TC001_AccountRegistration:59 - ***** Finished TC001_AccountRegistrationTest *****
2024-11-27 00:45:09 INFO  Utils:112 - [TestNG] Running:
  E:\PracticeFramework\OpenCartEcommerceProject\testng.xml

2024-11-27 00:45:13 INFO  TC001_AccountRegistration:15 - ****Starting_Registration****
2024-11-27 00:45:13 INFO  TC001_AccountRegistration:21 - ****clicked on MyAccount link****
2024-11-27 00:45:14 INFO  TC001_AccountRegistration:24 - ****clicked on Register link****
2024-11-27 00:45:14 INFO  TC001_AccountRegistration:28 - ****Entering_User_info****
2024-11-27 00:45:14 INFO  TC001_AccountRegistration:39 - ****click on policy****
2024-11-27 00:45:15 INFO  TC001_AccountRegistration:42 - ****click on Continue****
2024-11-27 00:45:15 INFO  TC001_AccountRegistration:44 - Validating expected message..
2024-11-27 00:45:15 INFO  TC001_AccountRegistration:59 - ***** Finished TC001_AccountRegistrationTest *****
2024-11-27 00:48:42 INFO  Utils:112 - [TestNG] Running:
  E:\PracticeFramework\OpenCartEcommerceProject\testng.xml

2024-11-27 00:48:46 INFO  TC001_AccountRegistration:15 - ****Starting_Registration****
2024-11-27 00:48:46 INFO  TC001_AccountRegistration:21 - ****clicked on MyAccount link****
2024-11-27 00:48:47 INFO  TC001_AccountRegistration:24 - ****clicked on Register link****
2024-11-27 00:48:47 INFO  TC001_AccountRegistration:28 - ****Entering_User_info****
2024-11-27 00:48:47 INFO  TC001_AccountRegistration:39 - ****click on policy****
2024-11-27 00:48:48 INFO  TC001_AccountRegistration:42 - ****click on Continue****
2024-11-27 00:48:48 INFO  TC001_AccountRegistration:44 - Validating expected message..
2024-11-27 00:48:48 INFO  TC001_AccountRegistration:48 - Test passed
2024-11-27 00:48:48 INFO  TC001_AccountRegistration:59 - ***** Finished TC001_AccountRegistrationTest *****
